<?xml version="1.0" encoding="UTF-8"?>
<!-- Generated by org.testng.reporters.JUnitXMLReporter -->
<testsuite hostname="LAPTOP-BF55EUJ7" ignored="0" name="learning centre tests" tests="21" failures="0" timestamp="2021-09-07T22:16:25 MSK" time="2.528" errors="0">
  <testcase name="addCompany" time="1.966" classname="test.CompanyTest"/>
  <testcase name="deleteCompany" time="0.125" classname="test.CompanyTest"/>
  <testcase name="getCompaniesByName" time="0.016" classname="test.CompanyTest"/>
  <testcase name="updateCompany" time="0.0" classname="test.CompanyTest"/>
  <testcase name="addCourse" time="0.015" classname="test.CourseTest"/>
  <testcase name="deleteCourse" time="0.032" classname="test.CourseTest"/>
  <testcase name="getCurrentCourses" time="0.046" classname="test.CourseTest"/>
  <testcase name="getFinishedCourses" time="0.016" classname="test.CourseTest"/>
  <testcase name="updateCourse" time="0.016" classname="test.CourseTest"/>
  <testcase name="addLesson" time="0.015" classname="test.LessonTest"/>
  <testcase name="deleteLesson" time="0.032" classname="test.LessonTest"/>
  <testcase name="getScheduleForStudent" time="0.047" classname="test.LessonTest"/>
  <testcase name="getScheduleForTeacher" time="0.015" classname="test.LessonTest"/>
  <testcase name="updateLesson" time="0.016" classname="test.LessonTest"/>
  <testcase name="addStudent" time="0.01" classname="test.StudentTest"/>
  <testcase name="deleteStudent" time="0.003" classname="test.StudentTest"/>
  <testcase name="getPassedCoursesForStudent" time="0.031" classname="test.StudentTest"/>
  <testcase name="updateStudent" time="0.015" classname="test.StudentTest"/>
  <testcase name="addTeacher" time="0.0" classname="test.TeacherTest"/>
  <testcase name="deleteTeacher" time="0.016" classname="test.TeacherTest"/>
  <testcase name="updateTeacher" time="0.016" classname="test.TeacherTest"/>
</testsuite> <!-- learning centre tests -->
